


ARM Macro Assembler    Page 1 


    1 00000000         ;/******************************************************
                       ***********************/
    2 00000000         ; OSasm.s: low-level OS commands, written in assembly   
                                           */
    3 00000000         ; Runs on LM4F120/TM4C123/MSP432
    4 00000000         ; Lab 2 starter file
    5 00000000         ; February 10, 2016
    6 00000000         ;
    7 00000000         
    8 00000000         
    9 00000000                 AREA             |.text|, CODE, READONLY, ALIGN=
2
   10 00000000                 THUMB
   11 00000000                 REQUIRE8
   12 00000000                 PRESERVE8
   13 00000000         
   14 00000000                 EXTERN           RunPt       ; currently running
                                                             thread
   15 00000000                 EXPORT           StartOS
   16 00000000                 EXPORT           SysTick_Handler
   17 00000000                 IMPORT           Scheduler
   18 00000000         
   19 00000000         
   20 00000000         SysTick_Handler                      ; 1) Saves R0-R3,R1
                                                            2,LR,PC,PSR
   21 00000000 B672            CPSID            I           ; 2) Prevent interr
                                                            upt during switch
   22 00000002 E92D 0FF0       PUSH             {R4-R11}
   23 00000006 480E            LDR              R0, =RunPt
   24 00000008 6801            LDR              R1, [R0]
   25 0000000A F8C1 D000       STR              SP, [R1]
   26 0000000E 6849            LDR              R1, [R1,#4]
   27 00000010 6001            STR              R1, [R0]
   28 00000012 F8D1 D000       LDR              SP, [R1]
   29 00000016 E8BD 0FF0       POP              {R4-R11}
   30 0000001A B662            CPSIE            I           ; 9) tasks run with
                                                             interrupts enabled
                                                            
   31 0000001C 4770            BX               LR          ; 10) restore R0-R3
                                                            ,R12,LR,PC,PSR
   32 0000001E         
   33 0000001E         StartOS
   34 0000001E         
   35 0000001E B662            CPSIE            I           ; Enable interrupts
                                                             at processor level
                                                            
   36 00000020 4770            BX               LR          ; start first threa
                                                            d
   37 00000022 4807            LDR              R0, =RunPt  ; currently running
                                                             thread
   38 00000024 6801            LDR              R1, [R0]
   39 00000026 F8D1 D000       LDR              SP, [R1]
   40 0000002A E8BD 0FF0       POP              {R4-R11}    ; restore regs r4-1
                                                            1
   41 0000002E BC0F            POP              {R0-R3}     ; restore regs r0-3
                                                            
   42 00000030 F85D CB04       POP              {R12}
   43 00000034 B001            ADD              SP,SP,#4    ; discard LR from i
                                                            nitial stack



ARM Macro Assembler    Page 2 


   44 00000036 F85D EB04       POP              {LR}        ; start location
   45 0000003A B001            ADD              SP,SP,#4    ; discard PSR
   46 0000003C B662            CPSIE            I           ; Enable interrupts
                                                             at processor level
                                                            
   47 0000003E 4770            BX               LR          ; start first threa
                                                            d
   48 00000040         
   49 00000040                 ALIGN
   50 00000040                 END
              00000000 
Command Line: --debug --xref --diag_suppress=9931 --cpu=Cortex-M4 --apcs=interw
ork --depend=.\objects\osasm.d -o.\objects\osasm.o -I"C:\Keil_v5\edx v 2\TM4C12
3Valvanoware\Lab2_4C123\RTE" -IC:\Keil_v5\ARM\PACK\ARM\CMSIS\5.0.0-Beta4\CMSIS\
Include -IC:\Keil_v5\ARM\PACK\Keil\TM4C_DFP\1.1.0\Device\Include\TM4C123 --pred
efine="__EVAL SETA 1" --predefine="__UVISION_VERSION SETA 520" --predefine="_RT
E_ SETA 1" --predefine="TM4C123GH6PM SETA 1" --list=.\listings\osasm.lst osasm.
s



ARM Macro Assembler    Page 1 Alphabetic symbol ordering
Relocatable symbols

.text 00000000

Symbol: .text
   Definitions
      At line 9 in file osasm.s
   Uses
      None
Comment: .text unused
StartOS 0000001E

Symbol: StartOS
   Definitions
      At line 33 in file osasm.s
   Uses
      At line 15 in file osasm.s
Comment: StartOS used once
SysTick_Handler 00000000

Symbol: SysTick_Handler
   Definitions
      At line 20 in file osasm.s
   Uses
      At line 16 in file osasm.s
Comment: SysTick_Handler used once
3 symbols



ARM Macro Assembler    Page 1 Alphabetic symbol ordering
External symbols

RunPt 00000000

Symbol: RunPt
   Definitions
      At line 14 in file osasm.s
   Uses
      At line 23 in file osasm.s
      At line 37 in file osasm.s

Scheduler 00000000

Symbol: Scheduler
   Definitions
      At line 17 in file osasm.s
   Uses
      None
Comment: Scheduler unused
2 symbols
341 symbols in table
